Arguments: 
  C:\Program Files\nodejs\node.exe C:\Users\Jorge\AppData\Roaming\npm\node_modules\yarn\bin\yarn.js

PATH: 
  C:\ProgramData\Oracle\Java\javapath;C:\Program Files (x86)\Common Files\ArchestrA\;C:\Program Files (x86)\NVIDIA Corporation\PhysX\Common;C:\WINDOWS\system32;C:\WINDOWS;C:\WINDOWS\System32\Wbem;C:\WINDOWS\System32\WindowsPowerShell\v1.0\;C:\Program Files\nodejs\;C:\Program Files\Git\cmd;C:\Program Files (x86)\Skype\Phone\;C:\Program Files (x86)\Brackets\command;C:\Users\Jorge\AppData\Local\atom\bin;C:\Users\Jorge\AppData\Roaming\npm;C:\Users\Jorge\AppData\Local\Microsoft\WindowsApps;C:\Program Files (x86)\Microsoft VS Code\bin;C:\Users\Jorge\AppData\Local\Android\sdk\platform-tools;

Yarn version: 
  1.0.2

Node version: 
  6.7.0

Platform: 
  win32 x64

npm manifest: 
  {
    "name": "jobs",
    "version": "0.0.0",
    "description": "Hello Expo!",
    "author": null,
    "private": true,
    "main": "node_modules/expo/AppEntry.js",
    "dependencies": {
      "expo": "^20.0.0",
      "react": "16.0.0-alpha.12",
      "react-native": "https://github.com/expo/react-native/archive/sdk-20.0.0.tar.gz",
      "react-navigation": "^1.0.0-beta.11"
    },
    "devDependencies": {
      "eslint-config-rallycoding": "^3.2.0"
    }
  }

yarn manifest: 
  No manifest

Lockfile: 
  No lockfile

Trace: 
  Error: EPERM: operation not permitted, unlink 'C:\Users\Jorge\workspace\reactnative\jobs\node_modules\@expo\vector-icons\node_modules\.bin'
      at Error (native)
